00:02:11 INFO  : Registering command handlers for SDK TCF services
00:02:13 INFO  : Launching XSCT server: xsct.bat -interactive C:\Users\HQ_home\Desktop\ICAP\xapp1292\xapp1292_v2016_3\example_3\sw\temp_xsdb_launch_script.tcl
00:02:19 INFO  : XSCT server has started successfully.
00:02:26 INFO  : Successfully done setting XSCT server connection channel  
00:02:26 INFO  : Successfully done setting SDK workspace  
00:02:48 INFO  : Registering command handlers for SDK TCF services
00:02:48 INFO  : Launching XSCT server: xsct.bat -interactive C:\Users\HQ_home\Desktop\ICAP\xapp1292\xapp1292_v2016_3\example_3\sw\temp_xsdb_launch_script.tcl
00:02:50 INFO  : XSCT server has started successfully.
00:02:50 INFO  : Successfully done setting XSCT server connection channel  
00:02:51 INFO  : Successfully done setting SDK workspace  
19:51:50 INFO  : Registering command handlers for SDK TCF services
19:51:51 INFO  : Launching XSCT server: xsct.bat -interactive C:\Users\HQ_home\Desktop\ICAP\xapp1292\xapp1292_v2016_3\example_3\sw\temp_xsdb_launch_script.tcl
19:51:57 INFO  : XSCT server has started successfully.
19:51:57 INFO  : Successfully done setting XSCT server connection channel  
19:52:04 INFO  : Successfully done setting SDK workspace  
20:11:52 INFO  : Registering command handlers for SDK TCF services
20:11:53 INFO  : Launching XSCT server: xsct.bat -interactive C:\Users\HQ_home\Desktop\ICAP\xapp1292\xapp1292_v2016_3\example_3\sw\temp_xsdb_launch_script.tcl
20:11:58 INFO  : XSCT server has started successfully.
20:11:58 INFO  : Successfully done setting XSCT server connection channel  
20:12:06 INFO  : Successfully done setting SDK workspace  
18:40:08 INFO  : Registering command handlers for SDK TCF services
18:40:10 INFO  : Launching XSCT server: xsct.bat -interactive C:\Users\HQ_home\Desktop\ICAP\xapp1292\xapp1292_v2016_3\example_3\sw\temp_xsdb_launch_script.tcl
18:40:15 INFO  : XSCT server has started successfully.
18:40:23 INFO  : Successfully done setting XSCT server connection channel  
18:40:23 INFO  : Successfully done setting SDK workspace  
18:40:56 INFO  : Project 'static_bd_wrapper_hw_platform_0' created. You can now create BSPs and application projects targeting this hardware platform.
